{
  "RSpec": {
    "coverage": {
      "/Users/kamacbook/Documents/Makers/Checkout/spec/checkout_spec.rb": {
        "lines": [
          1,
          null,
          1,
          null,
          1,
          1,
          1,
          null,
          null,
          1,
          null,
          1,
          null,
          null,
          1,
          1,
          null,
          1,
          null,
          1,
          null,
          null,
          1,
          null,
          1,
          null,
          null,
          1,
          null,
          1,
          null,
          null,
          1,
          null,
          1,
          null,
          1,
          null,
          null,
          1,
          null,
          1,
          null,
          null,
          1,
          null,
          1,
          null,
          null,
          1,
          null,
          1,
          null,
          null,
          null,
          1,
          1,
          null,
          1,
          null,
          null,
          null,
          null,
          null
        ]
      },
      "/Users/kamacbook/Documents/Makers/Checkout/lib/shop.rb": {
        "lines": [
          1,
          1,
          null,
          1,
          null,
          1,
          1,
          null,
          null,
          1,
          8,
          null,
          7,
          null,
          27,
          null,
          null,
          null,
          7,
          null,
          null,
          null,
          1,
          1,
          7,
          null,
          null,
          1,
          7,
          null,
          null,
          null
        ]
      }
    },
    "timestamp": 1606382514
  }
}
